## Starting langtools
## Finished langtools (build time 00:00:01)

## Starting hotspot
## Finished hotspot (build time 00:00:00)

## Starting corba
## Finished corba (build time 00:00:00)

## Starting jaxp
## Finished jaxp (build time 00:00:00)

## Starting jaxws
## Finished jaxws (build time 00:00:00)

## Starting jdk
## Finished jdk (build time 00:00:02)

## Starting demos
## Finished demos (build time 00:00:00)

## Starting nashorn
## Finished nashorn (build time 00:00:00)

## Starting images
WARNING: Path does not exist as file or directory: com/apple/laf/ImageCache.class
WARNING: Path does not exist as file or directory: com/apple/laf/ImageCache$1.class
WARNING: Path does not exist as file or directory: com/apple/laf/ImageCache$PixelCountSoftReference.class
WARNING: Path does not exist as file or directory: java/awt/GraphicsEnvironment$1.class
WARNING: Path does not exist as file or directory: java/lang/UNIXProcess$2.class
WARNING: Path does not exist as file or directory: java/lang/UNIXProcess$3.class
WARNING: Path does not exist as file or directory: java/lang/UNIXProcess$4.class
WARNING: Path does not exist as file or directory: java/lang/UNIXProcess$ProcessReaperThreadFactory.class
WARNING: Path does not exist as file or directory: java/lang/UNIXProcess$ProcessReaperThreadFactory$1.class
WARNING: Path does not exist as file or directory: java/lang/invoke/MagicLambdaImpl.class
WARNING: Path does not exist as file or directory: java/security/ProtectionDomain$3.class
WARNING: Path does not exist as file or directory: javax/swing/JComponent$2.class
WARNING: Path does not exist as file or directory: javax/swing/text/AbstractDocument$InsertStringResult.class
WARNING: Path does not exist as file or directory: sun/dc/DuctusRenderingEngine.class
WARNING: Path does not exist as file or directory: sun/font/CFontManager$4.class
WARNING: Path does not exist as file or directory: sun/java2d/Disposer$2.class
WARNING: Path does not exist as file or directory: sun/java2d/opengl/OGLRenderQueue$1.class
WARNING: Path does not exist as file or directory: sun/lwawt/macosx/CPlatformWindow$14.class
WARNING: Path does not exist as file or directory: sun/lwawt/macosx/LWCToolkit$5.class
WARNING: Path does not exist as file or directory: sun/lwawt/macosx/event/NSEvent.class
WARNING: Path does not exist as file or directory: sun/misc/PostVMInitHook.class
WARNING: Path does not exist as file or directory: com/sun/crypto/provider
WARNING: Path does not exist as file or directory: javax/crypto
WARNING: Path does not exist as file or directory: sun/security/ec
WARNING: Path does not exist as file or directory: sun/security/internal
WARNING: Path does not exist as file or directory: sun/security/mscapi
WARNING: Path does not exist as file or directory: sun/security/pkcs11
Creating rt.jar Compressed=false
Creating resources.jar
警告: 程序包javax.crypto不存在
警告: 程序包javax.crypto.interfaces不存在
警告: 程序包javax.crypto.spec不存在
警告: 程序包javax.tools.annotation不存在
警告: 程序包jdk.management.cmm不存在
警告: 程序包com.oracle.nio不存在
Using boot class path = [/Users/zhouyouxing/studying/openjdk8u-master/build/macosx-x86_64-normal-server-slowdebug/images/lib/rt.jar, /Users/zhouyouxing/studying/openjdk8u-master/build/macosx-x86_64-normal-server-slowdebug/langtools/dist/bootstrap/lib/javac.jar, /Library/Java/JavaVirtualMachines/jdk1.8.0_251.jdk/Contents/Home/jre/lib/resources.jar, /Library/Java/JavaVirtualMachines/jdk1.8.0_251.jdk/Contents/Home/jre/lib/sunrsasign.jar, /Library/Java/JavaVirtualMachines/jdk1.8.0_251.jdk/Contents/Home/jre/lib/jsse.jar, /Library/Java/JavaVirtualMachines/jdk1.8.0_251.jdk/Contents/Home/jre/lib/jce.jar, /Library/Java/JavaVirtualMachines/jdk1.8.0_251.jdk/Contents/Home/jre/lib/charsets.jar, /Library/Java/JavaVirtualMachines/jdk1.8.0_251.jdk/Contents/Home/jre/lib/jfr.jar, /Library/Java/JavaVirtualMachines/jdk1.8.0_251.jdk/Contents/Home/jre/classes, /Library/Java/JavaVirtualMachines/jdk1.8.0_251.jdk/Contents/Home/jre/lib/ext/sunec.jar, /Library/Java/JavaVirtualMachines/jdk1.8.0_251.jdk/Contents/Home/jre/lib/ext/nashorn.jar, /Library/Java/JavaVirtualMachines/jdk1.8.0_251.jdk/Contents/Home/jre/lib/ext/cldrdata.jar, /Library/Java/JavaVirtualMachines/jdk1.8.0_251.jdk/Contents/Home/jre/lib/ext/jfxrt.jar, /Library/Java/JavaVirtualMachines/jdk1.8.0_251.jdk/Contents/Home/jre/lib/ext/dnsns.jar, /Library/Java/JavaVirtualMachines/jdk1.8.0_251.jdk/Contents/Home/jre/lib/ext/localedata.jar, /Library/Java/JavaVirtualMachines/jdk1.8.0_251.jdk/Contents/Home/jre/lib/ext/sunjce_provider.jar, /Library/Java/JavaVirtualMachines/jdk1.8.0_251.jdk/Contents/Home/jre/lib/ext/sunpkcs11.jar, /Library/Java/JavaVirtualMachines/jdk1.8.0_251.jdk/Contents/Home/jre/lib/ext/jaccess.jar, /Library/Java/JavaVirtualMachines/jdk1.8.0_251.jdk/Contents/Home/jre/lib/ext/zipfs.jar, /System/Library/Java/Extensions/MRJToolkit.jar]
Ignoring (other) com.sun.management.package-info : <any>
   ClassSymbol <any>
Ignoring (other) com.sun.net.httpserver.package-info : <any>
   ClassSymbol <any>
Ignoring (other) com.sun.net.httpserver.spi.package-info : <any>
   ClassSymbol <any>
Ignoring (other) com.sun.nio.sctp.package-info : <any>
   ClassSymbol <any>
Ignoring (other) com.sun.security.auth.package-info : <any>
   ClassSymbol <any>
Ignoring (other) com.sun.security.auth.callback.package-info : <any>
   ClassSymbol <any>
Ignoring (other) com.sun.security.auth.login.package-info : <any>
   ClassSymbol <any>
Ignoring (other) com.sun.security.auth.module.package-info : <any>
   ClassSymbol <any>
Ignoring (other) com.sun.security.jgss.package-info : <any>
   ClassSymbol <any>
Ignoring (other) javax.xml.ws.wsaddressing.package-info : <any>
   ClassSymbol <any>
Ignoring (other) jdk.net.package-info : <any>
   ClassSymbol <any>
6 个警告
Modifying images/lib/ct.sym
  updating 26769 files
Copying images/j2re-bundle/jre1.8.0.jre/Contents/Home/bin
Copying images/j2re-bundle/jre1.8.0.jre/Contents/Home/bin/hs_err_pid12085.log
Copying images/j2re-bundle/jre1.8.0.jre/Contents/Home/bin/hs_err_pid76464.log
Copying images/j2re-bundle/jre1.8.0.jre/Contents/Home/bin/hs_err_pid12097.log
Copying images/j2re-bundle/jre1.8.0.jre/Contents/Home/bin/hs_err_pid76423.log
Copying images/j2re-bundle/jre1.8.0.jre/Contents/Home/bin/hs_err_pid76436.log
Copying images/j2re-bundle/jre1.8.0.jre/Contents/Home/bin/hs_err_pid76427.log
Copying images/j2re-bundle/jre1.8.0.jre/Contents/Home/bin/hs_err_pid76446.log
Copying images/j2re-bundle/jre1.8.0.jre/Contents/Home/release
Copying images/j2re-bundle/jre1.8.0.jre/Contents/Home/lib/rt.jar
Copying images/j2re-bundle/jre1.8.0.jre/Contents/Home/lib/ext/meta-index
Copying images/j2re-bundle/jre1.8.0.jre/Contents/Home/lib/resources.jar
Copying images/j2re-bundle/jre1.8.0.jre/Contents/Home/lib/meta-index
Creating images/j2re-bundle/jre1.8.0.jre/Contents/Info.plist
Copying images/j2sdk-bundle/jdk1.8.0.jdk/Contents/Home/jre/bin
Copying images/j2sdk-bundle/jdk1.8.0.jdk/Contents/Home/jre/bin/hs_err_pid12085.log
Copying images/j2sdk-bundle/jdk1.8.0.jdk/Contents/Home/jre/bin/hs_err_pid76464.log
Copying images/j2sdk-bundle/jdk1.8.0.jdk/Contents/Home/jre/bin/hs_err_pid12097.log
Copying images/j2sdk-bundle/jdk1.8.0.jdk/Contents/Home/jre/bin/hs_err_pid76423.log
Copying images/j2sdk-bundle/jdk1.8.0.jdk/Contents/Home/jre/bin/hs_err_pid76436.log
Copying images/j2sdk-bundle/jdk1.8.0.jdk/Contents/Home/jre/bin/hs_err_pid76427.log
Copying images/j2sdk-bundle/jdk1.8.0.jdk/Contents/Home/jre/bin/hs_err_pid76446.log
Copying images/j2sdk-bundle/jdk1.8.0.jdk/Contents/Home/jre/lib/rt.jar
Copying images/j2sdk-bundle/jdk1.8.0.jdk/Contents/Home/jre/lib/ext/meta-index
Copying images/j2sdk-bundle/jdk1.8.0.jdk/Contents/Home/jre/lib/resources.jar
Copying images/j2sdk-bundle/jdk1.8.0.jdk/Contents/Home/jre/lib/meta-index
Copying images/j2sdk-bundle/jdk1.8.0.jdk/Contents/Home/bin
Copying images/j2sdk-bundle/jdk1.8.0.jdk/Contents/Home/bin/hs_err_pid12085.log
Copying images/j2sdk-bundle/jdk1.8.0.jdk/Contents/Home/bin/hs_err_pid76464.log
Copying images/j2sdk-bundle/jdk1.8.0.jdk/Contents/Home/bin/hs_err_pid12097.log
Copying images/j2sdk-bundle/jdk1.8.0.jdk/Contents/Home/bin/hs_err_pid76423.log
Copying images/j2sdk-bundle/jdk1.8.0.jdk/Contents/Home/bin/hs_err_pid76436.log
Copying images/j2sdk-bundle/jdk1.8.0.jdk/Contents/Home/bin/hs_err_pid76427.log
Copying images/j2sdk-bundle/jdk1.8.0.jdk/Contents/Home/bin/hs_err_pid76446.log
Copying images/j2sdk-bundle/jdk1.8.0.jdk/Contents/Home/release
Copying images/j2sdk-bundle/jdk1.8.0.jdk/Contents/Home/lib/ct.sym
Creating images/j2sdk-bundle/jdk1.8.0.jdk/Contents/Info.plist
## Finished images (build time 00:00:19)

## Starting docs
# Dependencies have changed: coredocs
# Dependencies have changed: coredocs
# Dependencies have changed: coredocs
# Dependencies have changed: coredocs
# Summary for /Users/zhouyouxing/studying/openjdk8u-master/build/macosx-x86_64-normal-server-slowdebug/docs/jdk/api/javadoc/taglet/index.html
# Options (tagletapi.options):
#   -XDignore.symbol.file=true -quiet -use -keywords -Xdoclint:none -Xprofilespath /Users/zhouyouxing/studying/openjdk8u-master/jdk/make/profile-rtjar-includes.txt -Xdocrootparent https://docs.oracle.com/javase/7/docs
#   -sourcepath '/Users/zhouyouxing/studying/openjdk8u-master/jdk/src/share/classes:/Users/zhouyouxing/studying/openjdk8u-master/build/macosx-x86_64-normal-server-slowdebug/jdk/impsrc:/Users/zhouyouxing/studying/openjdk8u-master/build/macosx-x86_64-normal-server-slowdebug/jdk/gensrc:/Users/zhouyouxing/studying/openjdk8u-master/build/macosx-x86_64-normal-server-slowdebug/jdk/gendocsrc_rmic:/Users/zhouyouxing/studying/openjdk8u-master/jdk/src/solaris/classes:/Users/zhouyouxing/studying/openjdk8u-master/jdk/src/windows/classes:/Users/zhouyouxing/studying/openjdk8u-master/nashorn/src/:/Users/zhouyouxing/studying/openjdk8u-master/jdk/src/share/doc/stub'
#   -encoding 'ascii'
#   -nonavbar
#   -noindex
#   -bottom '<font size="-1"> <a href="http://bugreport.sun.com/bugreport/">Submit a bug or feature</a><br>Java is a trademark or registered trademark of Oracle and/or its affiliates in the US and other countries.<br> Copyright &#x00a9; 1993, 2020, Oracle and/or its affiliates. 500 Oracle Parkway<br>Redwood Shores, CA 94065 USA. All rights reserved. </font><br><strong>DRAFT&nbsp;internal-b00</strong>'
#   -linkoffline '../../../../api' '/Users/zhouyouxing/studying/openjdk8u-master/build/macosx-x86_64-normal-server-slowdebug/docs/api/'
# Summary for /Users/zhouyouxing/studying/openjdk8u-master/build/macosx-x86_64-normal-server-slowdebug/docs/jdk/api/javadoc/doclet/index.html
# Packages (tagletapi.packages):
# Options (docletapi.options):
#   /Users/zhouyouxing/studying/openjdk8u-master/build/macosx-x86_64-normal-server-slowdebug/jdk/impsrc/com/sun/tools/doclets/Taglet.java
# Summary for /Users/zhouyouxing/studying/openjdk8u-master/build/macosx-x86_64-normal-server-slowdebug/docs/jre/api/security/jaas/spec/index.html
#   -XDignore.symbol.file=true -quiet -use -keywords -Xdoclint:none -Xprofilespath /Users/zhouyouxing/studying/openjdk8u-master/jdk/make/profile-rtjar-includes.txt -Xdocrootparent https://docs.oracle.com/javase/7/docs
#   -sourcepath '/Users/zhouyouxing/studying/openjdk8u-master/jdk/src/share/classes:/Users/zhouyouxing/studying/openjdk8u-master/build/macosx-x86_64-normal-server-slowdebug/jdk/impsrc:/Users/zhouyouxing/studying/openjdk8u-master/build/macosx-x86_64-normal-server-slowdebug/jdk/gensrc:/Users/zhouyouxing/studying/openjdk8u-master/build/macosx-x86_64-normal-server-slowdebug/jdk/gendocsrc_rmic:/Users/zhouyouxing/studying/openjdk8u-master/jdk/src/solaris/classes:/Users/zhouyouxing/studying/openjdk8u-master/jdk/src/windows/classes:/Users/zhouyouxing/studying/openjdk8u-master/nashorn/src/:/Users/zhouyouxing/studying/openjdk8u-master/jdk/src/share/doc/stub'
#   -encoding 'ascii'
#   -breakiterator
#   -doctitle 'Doclet API'
#   -windowtitle 'Doclet API b00'
#   -header '<strong>Doclet API</strong><br><strong>DRAFT&nbsp;internal-b00</strong>'
#   -bottom '<font size="-1"> <a href="http://bugreport.sun.com/bugreport/">Submit a bug or feature</a><br>Java is a trademark or registered trademark of Oracle and/or its affiliates in the US and other countries.<br> Copyright &#x00a9; 1993, 2020, Oracle and/or its affiliates. 500 Oracle Parkway<br>Redwood Shores, CA 94065 USA. All rights reserved. </font><br><strong>DRAFT&nbsp;internal-b00</strong>'
#   -group 'Packages' 'com.sun.javadoc'
#   -linkoffline '../../../../api' '/Users/zhouyouxing/studying/openjdk8u-master/build/macosx-x86_64-normal-server-slowdebug/docs/api/'
# Options (jaas.options):
# Packages (docletapi.packages):
#   -XDignore.symbol.file=true -quiet -use -keywords -Xdoclint:none -Xprofilespath /Users/zhouyouxing/studying/openjdk8u-master/jdk/make/profile-rtjar-includes.txt -Xdocrootparent https://docs.oracle.com/javase/7/docs
#   -sourcepath '/Users/zhouyouxing/studying/openjdk8u-master/jdk/src/share/classes:/Users/zhouyouxing/studying/openjdk8u-master/build/macosx-x86_64-normal-server-slowdebug/jdk/impsrc:/Users/zhouyouxing/studying/openjdk8u-master/build/macosx-x86_64-normal-server-slowdebug/jdk/gensrc:/Users/zhouyouxing/studying/openjdk8u-master/build/macosx-x86_64-normal-server-slowdebug/jdk/gendocsrc_rmic:/Users/zhouyouxing/studying/openjdk8u-master/jdk/src/solaris/classes:/Users/zhouyouxing/studying/openjdk8u-master/jdk/src/windows/classes:/Users/zhouyouxing/studying/openjdk8u-master/nashorn/src/:/Users/zhouyouxing/studying/openjdk8u-master/jdk/src/share/doc/stub'
#   -encoding 'ascii'
#   -overview '/Users/zhouyouxing/studying/openjdk8u-master/jdk/src/share/classes/com/sun/security/auth/jaas-overview.html'
#   -doctitle 'Java&trade; Authentication and Authorization Service'
#   -windowtitle 'Java Authentication and Authorization Service b00'
#   -header '<strong>Java Authentication and Authorization Service</strong><br><strong>DRAFT&nbsp;internal-b00</strong>'
#   -bottom '<font size="-1"><br> Copyright &#x00a9; 1998, 2020, Oracle and/or its affiliates.  All rights reserved.</font><br><strong>DRAFT&nbsp;internal-b00</strong>'
#   -linkoffline '../../../../../api' '/Users/zhouyouxing/studying/openjdk8u-master/build/macosx-x86_64-normal-server-slowdebug/docs/api/'
#   com.sun.javadoc
# Packages (jaas.packages):
#   com.sun.security.auth
#   com.sun.security.auth.callback
#   com.sun.security.auth.login
#   com.sun.security.auth.module
# Summary for /Users/zhouyouxing/studying/openjdk8u-master/build/macosx-x86_64-normal-server-slowdebug/docs/jdk/api/jpda/jdi/index.html
# Options (jdi.options):
#   -XDignore.symbol.file=true -quiet -use -keywords -Xdoclint:none -Xprofilespath /Users/zhouyouxing/studying/openjdk8u-master/jdk/make/profile-rtjar-includes.txt -Xdocrootparent https://docs.oracle.com/javase/7/docs
#   -sourcepath '/Users/zhouyouxing/studying/openjdk8u-master/jdk/src/share/classes:/Users/zhouyouxing/studying/openjdk8u-master/build/macosx-x86_64-normal-server-slowdebug/jdk/impsrc:/Users/zhouyouxing/studying/openjdk8u-master/build/macosx-x86_64-normal-server-slowdebug/jdk/gensrc:/Users/zhouyouxing/studying/openjdk8u-master/build/macosx-x86_64-normal-server-slowdebug/jdk/gendocsrc_rmic:/Users/zhouyouxing/studying/openjdk8u-master/jdk/src/solaris/classes:/Users/zhouyouxing/studying/openjdk8u-master/jdk/src/windows/classes:/Users/zhouyouxing/studying/openjdk8u-master/nashorn/src/:/Users/zhouyouxing/studying/openjdk8u-master/jdk/src/share/doc/stub'
#   -encoding 'ascii'
#   -overview '/Users/zhouyouxing/studying/openjdk8u-master/jdk/src/share/classes/jdi-overview.html'
#   -doctitle 'Java&trade; Debug Interface'
#   -windowtitle 'Java Debug Interface b00'
#   -header '<strong>Java Debug Interface</strong><br><strong>DRAFT&nbsp;internal-b00</strong>'
#   -bottom '<font size="-1"><br> Copyright &#x00a9; 1999, 2020, Oracle and/or its affiliates.  All rights reserved.</font><br><strong>DRAFT&nbsp;internal-b00</strong>'
#   -linkoffline '../../../../api' '/Users/zhouyouxing/studying/openjdk8u-master/build/macosx-x86_64-normal-server-slowdebug/docs/api/'
# Summary for /Users/zhouyouxing/studying/openjdk8u-master/build/macosx-x86_64-normal-server-slowdebug/docs/jre/api/plugin/dom/index.html
# Packages (jdi.packages):
# Options (domapi.options):
#   com.sun.jdi
#   com.sun.jdi.event
#   com.sun.jdi.request
#   com.sun.jdi.connect
#   com.sun.jdi.connect.spi
#   -XDignore.symbol.file=true -quiet -use -keywords -Xdoclint:none -Xprofilespath /Users/zhouyouxing/studying/openjdk8u-master/jdk/make/profile-rtjar-includes.txt -Xdocrootparent https://docs.oracle.com/javase/7/docs
#   -sourcepath '/Users/zhouyouxing/studying/openjdk8u-master/jdk/src/share/classes:/Users/zhouyouxing/studying/openjdk8u-master/build/macosx-x86_64-normal-server-slowdebug/jdk/impsrc:/Users/zhouyouxing/studying/openjdk8u-master/build/macosx-x86_64-normal-server-slowdebug/jdk/gensrc:/Users/zhouyouxing/studying/openjdk8u-master/build/macosx-x86_64-normal-server-slowdebug/jdk/gendocsrc_rmic:/Users/zhouyouxing/studying/openjdk8u-master/jdk/src/solaris/classes:/Users/zhouyouxing/studying/openjdk8u-master/jdk/src/windows/classes:/Users/zhouyouxing/studying/openjdk8u-master/nashorn/src/:/Users/zhouyouxing/studying/openjdk8u-master/jdk/src/share/doc/stub'
#   -encoding 'ascii'
#   -splitIndex
#   -doctitle 'Common DOM API'
#   -windowtitle 'Common DOM API b00'
#   -header '<strong>Common DOM API</strong><br><strong>DRAFT&nbsp;internal-b00</strong>'
#   -bottom '<font size="-1"> <a href="http://bugreport.sun.com/bugreport/">Submit a bug or feature</a><br>Java is a trademark or registered trademark of Oracle and/or its affiliates in the US and other countries.<br> Copyright &#x00a9; 2005, 2020, Oracle and/or its affiliates. 500 Oracle Parkway<br>Redwood Shores, CA 94065 USA. All rights reserved. </font><br><strong>DRAFT&nbsp;internal-b00</strong>'
#   -group 'Packages' 'com.sun.java.browser.dom:org.w3c.dom*'
#   -linkoffline '../../../../api' '/Users/zhouyouxing/studying/openjdk8u-master/build/macosx-x86_64-normal-server-slowdebug/docs/api/'
# Packages (domapi.packages):
#   com.sun.java.browser.dom
#   org.w3c.dom
#   org.w3c.dom.bootstrap
#   org.w3c.dom.ls
#   org.w3c.dom.ranges
#   org.w3c.dom.traversal
#   org.w3c.dom.html
#   org.w3c.dom.stylesheets
#   org.w3c.dom.css
#   org.w3c.dom.events
#   org.w3c.dom.views
# Dependencies have changed: coredocs
# Summary for /Users/zhouyouxing/studying/openjdk8u-master/build/macosx-x86_64-normal-server-slowdebug/docs/jre/api/security/jgss/spec/index.html
# Options (jgss.options):
#   -XDignore.symbol.file=true -quiet -use -keywords -Xdoclint:none -Xprofilespath /Users/zhouyouxing/studying/openjdk8u-master/jdk/make/profile-rtjar-includes.txt -Xdocrootparent https://docs.oracle.com/javase/7/docs
#   -sourcepath '/Users/zhouyouxing/studying/openjdk8u-master/jdk/src/share/classes:/Users/zhouyouxing/studying/openjdk8u-master/build/macosx-x86_64-normal-server-slowdebug/jdk/impsrc:/Users/zhouyouxing/studying/openjdk8u-master/build/macosx-x86_64-normal-server-slowdebug/jdk/gensrc:/Users/zhouyouxing/studying/openjdk8u-master/build/macosx-x86_64-normal-server-slowdebug/jdk/gendocsrc_rmic:/Users/zhouyouxing/studying/openjdk8u-master/jdk/src/solaris/classes:/Users/zhouyouxing/studying/openjdk8u-master/jdk/src/windows/classes:/Users/zhouyouxing/studying/openjdk8u-master/nashorn/src/:/Users/zhouyouxing/studying/openjdk8u-master/jdk/src/share/doc/stub'
#   -encoding 'ascii'
#   -nodeprecatedlist
#   -overview '/Users/zhouyouxing/studying/openjdk8u-master/jdk/src/share/classes/com/sun/security/jgss/jgss-overview.html'
#   -doctitle 'Java&trade; GSS-API Utilities'
#   -windowtitle 'Java GSS-API Utilities b00'
#   -header '<strong>Java GSS-API Utilities</strong><br><strong>DRAFT&nbsp;internal-b00</strong>'
#   -bottom '<font size="-1"><br> Copyright &#x00a9; 2000, 2020, Oracle and/or its affiliates.  All rights reserved.</font><br><strong>DRAFT&nbsp;internal-b00</strong>'
#   -linkoffline '../../../../../api' '/Users/zhouyouxing/studying/openjdk8u-master/build/macosx-x86_64-normal-server-slowdebug/docs/api/'
# Packages (jgss.packages):
#   com.sun.security.jgss
# Dependencies have changed: coredocs
# Summary for /Users/zhouyouxing/studying/openjdk8u-master/build/macosx-x86_64-normal-server-slowdebug/docs/jre/api/security/smartcardio/spec/index.html
# Options (smartcardio.options):
#   -XDignore.symbol.file=true -quiet -use -keywords -Xdoclint:none -Xprofilespath /Users/zhouyouxing/studying/openjdk8u-master/jdk/make/profile-rtjar-includes.txt -Xdocrootparent https://docs.oracle.com/javase/7/docs
#   -sourcepath '/Users/zhouyouxing/studying/openjdk8u-master/jdk/src/share/classes:/Users/zhouyouxing/studying/openjdk8u-master/build/macosx-x86_64-normal-server-slowdebug/jdk/impsrc:/Users/zhouyouxing/studying/openjdk8u-master/build/macosx-x86_64-normal-server-slowdebug/jdk/gensrc:/Users/zhouyouxing/studying/openjdk8u-master/build/macosx-x86_64-normal-server-slowdebug/jdk/gendocsrc_rmic:/Users/zhouyouxing/studying/openjdk8u-master/jdk/src/solaris/classes:/Users/zhouyouxing/studying/openjdk8u-master/jdk/src/windows/classes:/Users/zhouyouxing/studying/openjdk8u-master/nashorn/src/:/Users/zhouyouxing/studying/openjdk8u-master/jdk/src/share/doc/stub'
#   -encoding 'ascii'
#   -nodeprecatedlist
#   -doctitle 'Java&trade; Smart Card I/O'
#   -windowtitle 'Java Smart Card I/O b00'
#   -header '<strong>Java Smart Card I/O</strong><br><strong>DRAFT&nbsp;internal-b00</strong>'
#   -bottom '<font size="-1"><br> Copyright &#x00a9; 2005, 2020, Oracle and/or its affiliates.  All rights reserved.</font><br><strong>DRAFT&nbsp;internal-b00</strong>'
#   -linkoffline '../../../../../api' '/Users/zhouyouxing/studying/openjdk8u-master/build/macosx-x86_64-normal-server-slowdebug/docs/api/'
# Packages (smartcardio.packages):
#   javax.smartcardio
/Users/zhouyouxing/studying/openjdk8u-master/jdk/src/share/classes/com/sun/jdi/InterfaceType.java:193: 警告 - 标记@link: 在com.sun.jdi.InterfaceType中找不到INVOKE_SINGLE_THREADED
1 个警告
# Dependencies have changed: coredocs
# Summary for /Users/zhouyouxing/studying/openjdk8u-master/build/macosx-x86_64-normal-server-slowdebug/docs/jre/api/net/httpserver/spec/index.html
# Options (httpserver.options):
#   -XDignore.symbol.file=true -quiet -use -keywords -Xdoclint:none -Xprofilespath /Users/zhouyouxing/studying/openjdk8u-master/jdk/make/profile-rtjar-includes.txt -Xdocrootparent https://docs.oracle.com/javase/7/docs
#   -sourcepath '/Users/zhouyouxing/studying/openjdk8u-master/jdk/src/share/classes:/Users/zhouyouxing/studying/openjdk8u-master/build/macosx-x86_64-normal-server-slowdebug/jdk/impsrc:/Users/zhouyouxing/studying/openjdk8u-master/build/macosx-x86_64-normal-server-slowdebug/jdk/gensrc:/Users/zhouyouxing/studying/openjdk8u-master/build/macosx-x86_64-normal-server-slowdebug/jdk/gendocsrc_rmic:/Users/zhouyouxing/studying/openjdk8u-master/jdk/src/solaris/classes:/Users/zhouyouxing/studying/openjdk8u-master/jdk/src/windows/classes:/Users/zhouyouxing/studying/openjdk8u-master/nashorn/src/:/Users/zhouyouxing/studying/openjdk8u-master/jdk/src/share/doc/stub'
#   -encoding 'ascii'
#   -nodeprecatedlist
#   -doctitle 'Java&trade; HTTP Server'
#   -windowtitle 'Java HTTP Server b00'
#   -header '<strong>Java HTTP Server</strong><br><strong>DRAFT&nbsp;internal-b00</strong>'
#   -bottom '<font size="-1"><br> Copyright &#x00a9; 2005, 2020, Oracle and/or its affiliates.  All rights reserved.</font><br><strong>DRAFT&nbsp;internal-b00</strong>'
#   -linkoffline '../../../../../api' '/Users/zhouyouxing/studying/openjdk8u-master/build/macosx-x86_64-normal-server-slowdebug/docs/api/'
# Packages (httpserver.packages):
#   com.sun.net.httpserver
#   com.sun.net.httpserver.spi
# Dependencies have changed: coredocs
WARNING: File JVM-MANAGEMENT-MIB.mib not available.
# Summary for /Users/zhouyouxing/studying/openjdk8u-master/build/macosx-x86_64-normal-server-slowdebug/docs/jre/api/management/extension/index.html
# Options (mgmt.options):
#   -XDignore.symbol.file=true -quiet -use -keywords -Xdoclint:none -Xprofilespath /Users/zhouyouxing/studying/openjdk8u-master/jdk/make/profile-rtjar-includes.txt -Xdocrootparent https://docs.oracle.com/javase/7/docs
#   -sourcepath '/Users/zhouyouxing/studying/openjdk8u-master/jdk/src/share/classes:/Users/zhouyouxing/studying/openjdk8u-master/build/macosx-x86_64-normal-server-slowdebug/jdk/impsrc:/Users/zhouyouxing/studying/openjdk8u-master/build/macosx-x86_64-normal-server-slowdebug/jdk/gensrc:/Users/zhouyouxing/studying/openjdk8u-master/build/macosx-x86_64-normal-server-slowdebug/jdk/gendocsrc_rmic:/Users/zhouyouxing/studying/openjdk8u-master/jdk/src/solaris/classes:/Users/zhouyouxing/studying/openjdk8u-master/jdk/src/windows/classes:/Users/zhouyouxing/studying/openjdk8u-master/nashorn/src/:/Users/zhouyouxing/studying/openjdk8u-master/jdk/src/share/doc/stub'
#   -encoding 'ascii'
#   -nodeprecatedlist
#   -overview '/Users/zhouyouxing/studying/openjdk8u-master/jdk/src/share/classes/com/sun/management/mgmt-overview.html'
#   -doctitle 'Monitoring and Management Interface for the Java&trade; Platform'
#   -windowtitle 'Monitoring and Management Interface for the Java Platform b00'
#   -header '<strong>Monitoring and Management Interface for the Java Platform</strong><br><strong>DRAFT&nbsp;internal-b00</strong>'
#   -bottom '<font size="-1"><br> Copyright &#x00a9; 2003, 2020, Oracle and/or its affiliates.  All rights reserved.</font><br><strong>DRAFT&nbsp;internal-b00</strong>'
#   -linkoffline '../../../../api' '/Users/zhouyouxing/studying/openjdk8u-master/build/macosx-x86_64-normal-server-slowdebug/docs/api/'
# Packages (mgmt.packages):
#   com.sun.management
# Dependencies have changed: coredocs
# Summary for /Users/zhouyouxing/studying/openjdk8u-master/build/macosx-x86_64-normal-server-slowdebug/docs/jdk/api/attach/spec/index.html
# Options (attach.options):
#   -XDignore.symbol.file=true -quiet -use -keywords -Xdoclint:none -Xprofilespath /Users/zhouyouxing/studying/openjdk8u-master/jdk/make/profile-rtjar-includes.txt -Xdocrootparent https://docs.oracle.com/javase/7/docs
#   -sourcepath '/Users/zhouyouxing/studying/openjdk8u-master/jdk/src/share/classes:/Users/zhouyouxing/studying/openjdk8u-master/build/macosx-x86_64-normal-server-slowdebug/jdk/impsrc:/Users/zhouyouxing/studying/openjdk8u-master/build/macosx-x86_64-normal-server-slowdebug/jdk/gensrc:/Users/zhouyouxing/studying/openjdk8u-master/build/macosx-x86_64-normal-server-slowdebug/jdk/gendocsrc_rmic:/Users/zhouyouxing/studying/openjdk8u-master/jdk/src/solaris/classes:/Users/zhouyouxing/studying/openjdk8u-master/jdk/src/windows/classes:/Users/zhouyouxing/studying/openjdk8u-master/nashorn/src/:/Users/zhouyouxing/studying/openjdk8u-master/jdk/src/share/doc/stub'
#   -encoding 'ascii'
#   -nodeprecatedlist
#   -doctitle 'Attach API'
#   -windowtitle 'Attach API b00'
#   -header '<strong>Attach API</strong><br><strong>DRAFT&nbsp;internal-b00</strong>'
#   -bottom '<font size="-1"><br> Copyright &#x00a9; 2005, 2020, Oracle and/or its affiliates.  All rights reserved.</font><br><strong>DRAFT&nbsp;internal-b00</strong>'
#   -linkoffline '../../../../api' '/Users/zhouyouxing/studying/openjdk8u-master/build/macosx-x86_64-normal-server-slowdebug/docs/api/'
# Packages (attach.packages):
#   com.sun.tools.attach
#   com.sun.tools.attach.spi
# Dependencies have changed: coredocs
# Summary for /Users/zhouyouxing/studying/openjdk8u-master/build/macosx-x86_64-normal-server-slowdebug/docs/jdk/api/jconsole/spec/index.html
# Options (jconsole.options):
#   -XDignore.symbol.file=true -quiet -use -keywords -Xdoclint:none -Xprofilespath /Users/zhouyouxing/studying/openjdk8u-master/jdk/make/profile-rtjar-includes.txt -Xdocrootparent https://docs.oracle.com/javase/7/docs
#   -sourcepath '/Users/zhouyouxing/studying/openjdk8u-master/jdk/src/share/classes:/Users/zhouyouxing/studying/openjdk8u-master/build/macosx-x86_64-normal-server-slowdebug/jdk/impsrc:/Users/zhouyouxing/studying/openjdk8u-master/build/macosx-x86_64-normal-server-slowdebug/jdk/gensrc:/Users/zhouyouxing/studying/openjdk8u-master/build/macosx-x86_64-normal-server-slowdebug/jdk/gendocsrc_rmic:/Users/zhouyouxing/studying/openjdk8u-master/jdk/src/solaris/classes:/Users/zhouyouxing/studying/openjdk8u-master/jdk/src/windows/classes:/Users/zhouyouxing/studying/openjdk8u-master/nashorn/src/:/Users/zhouyouxing/studying/openjdk8u-master/jdk/src/share/doc/stub'
#   -encoding 'ascii'
#   -nodeprecatedlist
#   -doctitle 'JConsole API'
#   -windowtitle 'JConsole API b00'
#   -header '<strong>JConsole API</strong><br><strong>DRAFT&nbsp;internal-b00</strong>'
#   -bottom '<font size="-1"><br> Copyright &#x00a9; 2006, 2020, Oracle and/or its affiliates.  All rights reserved.</font><br><strong>DRAFT&nbsp;internal-b00</strong>'
#   -linkoffline '../../../../api' '/Users/zhouyouxing/studying/openjdk8u-master/build/macosx-x86_64-normal-server-slowdebug/docs/api/'
# Packages (jconsole.packages):
#   com.sun.tools.jconsole
# Dependencies have changed: coredocs
# Summary for /Users/zhouyouxing/studying/openjdk8u-master/build/macosx-x86_64-normal-server-slowdebug/docs/jdk/api/javac/tree/index.html
# Options (treeapi.options):
#   -XDignore.symbol.file=true -quiet -use -keywords -Xdoclint:none -Xprofilespath /Users/zhouyouxing/studying/openjdk8u-master/jdk/make/profile-rtjar-includes.txt -Xdocrootparent https://docs.oracle.com/javase/7/docs
#   -sourcepath '/Users/zhouyouxing/studying/openjdk8u-master/jdk/src/share/classes:/Users/zhouyouxing/studying/openjdk8u-master/build/macosx-x86_64-normal-server-slowdebug/jdk/impsrc:/Users/zhouyouxing/studying/openjdk8u-master/build/macosx-x86_64-normal-server-slowdebug/jdk/gensrc:/Users/zhouyouxing/studying/openjdk8u-master/build/macosx-x86_64-normal-server-slowdebug/jdk/gendocsrc_rmic:/Users/zhouyouxing/studying/openjdk8u-master/jdk/src/solaris/classes:/Users/zhouyouxing/studying/openjdk8u-master/jdk/src/windows/classes:/Users/zhouyouxing/studying/openjdk8u-master/nashorn/src/:/Users/zhouyouxing/studying/openjdk8u-master/jdk/src/share/doc/stub'
#   -encoding 'ascii'
#   -doctitle 'Compiler Tree API'
#   -windowtitle 'Compiler Tree API b00'
#   -header '<strong>Compiler Tree API</strong><br><strong>DRAFT&nbsp;internal-b00</strong>'
#   -tag 'jls:a:See <cite> The Java&trade; Language Specification</cite>:'
#   -bottom '<font size="-1"><br> Copyright &#x00a9; 2005, 2020, Oracle and/or its affiliates.  All rights reserved.</font><br><strong>DRAFT&nbsp;internal-b00</strong>'
#   -group 'Packages' 'com.sun.source.*'
#   -linkoffline '../../../../api' '/Users/zhouyouxing/studying/openjdk8u-master/build/macosx-x86_64-normal-server-slowdebug/docs/api/'
# Packages (treeapi.packages):
#   com.sun.source.doctree
#   com.sun.source.tree
#   com.sun.source.util
#   jdk
# Dependencies have changed: coredocs
# Summary for /Users/zhouyouxing/studying/openjdk8u-master/build/macosx-x86_64-normal-server-slowdebug/docs/jdk/api/nashorn/index.html
# Options (nashornapi.options):
#   -XDignore.symbol.file=true -quiet -use -keywords -Xdoclint:none -Xprofilespath /Users/zhouyouxing/studying/openjdk8u-master/jdk/make/profile-rtjar-includes.txt -Xdocrootparent https://docs.oracle.com/javase/7/docs
#   -sourcepath '/Users/zhouyouxing/studying/openjdk8u-master/jdk/src/share/classes:/Users/zhouyouxing/studying/openjdk8u-master/build/macosx-x86_64-normal-server-slowdebug/jdk/impsrc:/Users/zhouyouxing/studying/openjdk8u-master/build/macosx-x86_64-normal-server-slowdebug/jdk/gensrc:/Users/zhouyouxing/studying/openjdk8u-master/build/macosx-x86_64-normal-server-slowdebug/jdk/gendocsrc_rmic:/Users/zhouyouxing/studying/openjdk8u-master/jdk/src/solaris/classes:/Users/zhouyouxing/studying/openjdk8u-master/jdk/src/windows/classes:/Users/zhouyouxing/studying/openjdk8u-master/nashorn/src/:/Users/zhouyouxing/studying/openjdk8u-master/jdk/src/share/doc/stub'
#   -encoding 'ascii'
#   -doctitle 'Nashorn API'
#   -windowtitle 'Nashorn API b00'
#   -header '<strong>Nashorn API</strong><br><strong>DRAFT&nbsp;internal-b00</strong>'
#   -tag 'jls:a:See <cite> The Java&trade; Language Specification</cite>:'
#   -bottom '<font size="-1"><br> Copyright &#x00a9; 2014, 2020, Oracle and/or its affiliates.  All rights reserved.</font><br><strong>DRAFT&nbsp;internal-b00</strong>'
#   -group 'Packages' 'jdk.nashorn.api.scripting.*'
#   -linkoffline '../../../api' '/Users/zhouyouxing/studying/openjdk8u-master/build/macosx-x86_64-normal-server-slowdebug/docs/api/'
# Packages (nashornapi.packages):
#   jdk.nashorn.api.scripting
/Users/zhouyouxing/studying/openjdk8u-master/jdk/src/share/classes/com/sun/management/HotSpotDiagnosticMXBean.java:52: 警告 - 标记@see: 找不到引用: ManagementFactory#getPlatformMXBeans(Class)
1 个警告
# Dependencies have changed: coredocs
# Summary for /Users/zhouyouxing/studying/openjdk8u-master/build/macosx-x86_64-normal-server-slowdebug/docs/jre/api/nio/sctp/spec/index.html
# Options (sctp.options):
#   -XDignore.symbol.file=true -quiet -use -keywords -Xdoclint:none -Xprofilespath /Users/zhouyouxing/studying/openjdk8u-master/jdk/make/profile-rtjar-includes.txt -Xdocrootparent https://docs.oracle.com/javase/7/docs
#   -sourcepath '/Users/zhouyouxing/studying/openjdk8u-master/jdk/src/share/classes:/Users/zhouyouxing/studying/openjdk8u-master/build/macosx-x86_64-normal-server-slowdebug/jdk/impsrc:/Users/zhouyouxing/studying/openjdk8u-master/build/macosx-x86_64-normal-server-slowdebug/jdk/gensrc:/Users/zhouyouxing/studying/openjdk8u-master/build/macosx-x86_64-normal-server-slowdebug/jdk/gendocsrc_rmic:/Users/zhouyouxing/studying/openjdk8u-master/jdk/src/solaris/classes:/Users/zhouyouxing/studying/openjdk8u-master/jdk/src/windows/classes:/Users/zhouyouxing/studying/openjdk8u-master/nashorn/src/:/Users/zhouyouxing/studying/openjdk8u-master/jdk/src/share/doc/stub'
#   -encoding 'ascii'
#   -nodeprecatedlist
#   -doctitle 'SCTP API'
#   -windowtitle 'SCTP API b00'
#   -header '<strong>SCTP API</strong><br><strong>DRAFT&nbsp;internal-b00</strong>'
#   -bottom '<font size="-1"><br> Copyright &#x00a9; 2009, 2020, Oracle and/or its affiliates.  All rights reserved.</font><br><strong>DRAFT&nbsp;internal-b00</strong>'
#   -linkoffline '../../../../../api' '/Users/zhouyouxing/studying/openjdk8u-master/build/macosx-x86_64-normal-server-slowdebug/docs/api/'
# Packages (sctp.packages):
#   com.sun.nio.sctp
/Users/zhouyouxing/studying/openjdk8u-master/jdk/src/share/classes/com/sun/tools/attach/AttachOperationFailedException.java:51: 警告 - @param argument "s" 不是参数名称。
1 个警告
# Dependencies have changed: coredocs
# Summary for /Users/zhouyouxing/studying/openjdk8u-master/build/macosx-x86_64-normal-server-slowdebug/docs/jre/api/accessibility/jaccess/spec/index.html
# Options (jaccess.options):
#   -XDignore.symbol.file=true -quiet -use -keywords -Xdoclint:none -Xprofilespath /Users/zhouyouxing/studying/openjdk8u-master/jdk/make/profile-rtjar-includes.txt -Xdocrootparent https://docs.oracle.com/javase/7/docs
#   -sourcepath '/Users/zhouyouxing/studying/openjdk8u-master/jdk/src/share/classes:/Users/zhouyouxing/studying/openjdk8u-master/build/macosx-x86_64-normal-server-slowdebug/jdk/impsrc:/Users/zhouyouxing/studying/openjdk8u-master/build/macosx-x86_64-normal-server-slowdebug/jdk/gensrc:/Users/zhouyouxing/studying/openjdk8u-master/build/macosx-x86_64-normal-server-slowdebug/jdk/gendocsrc_rmic:/Users/zhouyouxing/studying/openjdk8u-master/jdk/src/solaris/classes:/Users/zhouyouxing/studying/openjdk8u-master/jdk/src/windows/classes:/Users/zhouyouxing/studying/openjdk8u-master/nashorn/src/:/Users/zhouyouxing/studying/openjdk8u-master/jdk/src/share/doc/stub'
#   -encoding 'ascii'
#   -nodeprecatedlist
#   -doctitle 'JACCESS API'
#   -windowtitle 'JACCESS API b00'
#   -header '<strong>JACCESS API</strong><br><strong>DRAFT&nbsp;internal-b00</strong>'
#   -bottom '<font size="-1"><br> Copyright &#x00a9; 2002, 2020, Oracle and/or its affiliates.  All rights reserved.</font><br><strong>DRAFT&nbsp;internal-b00</strong>'
#   -linkoffline '../../../../../api' '/Users/zhouyouxing/studying/openjdk8u-master/build/macosx-x86_64-normal-server-slowdebug/docs/api/'
# Packages (jaccess.packages):
#   com.sun.java.accessibility.util
# Dependencies have changed: coredocs
# Summary for /Users/zhouyouxing/studying/openjdk8u-master/build/macosx-x86_64-normal-server-slowdebug/docs/jre/api/net/socketoptions/spec/index.html
# Options (jdknet.options):
#   -XDignore.symbol.file=true -quiet -use -keywords -Xdoclint:none -Xprofilespath /Users/zhouyouxing/studying/openjdk8u-master/jdk/make/profile-rtjar-includes.txt -Xdocrootparent https://docs.oracle.com/javase/7/docs
#   -Xdoclint:none
#   -sourcepath '/Users/zhouyouxing/studying/openjdk8u-master/jdk/src/share/classes:/Users/zhouyouxing/studying/openjdk8u-master/build/macosx-x86_64-normal-server-slowdebug/jdk/impsrc:/Users/zhouyouxing/studying/openjdk8u-master/build/macosx-x86_64-normal-server-slowdebug/jdk/gensrc:/Users/zhouyouxing/studying/openjdk8u-master/build/macosx-x86_64-normal-server-slowdebug/jdk/gendocsrc_rmic:/Users/zhouyouxing/studying/openjdk8u-master/jdk/src/solaris/classes:/Users/zhouyouxing/studying/openjdk8u-master/jdk/src/windows/classes:/Users/zhouyouxing/studying/openjdk8u-master/nashorn/src/:/Users/zhouyouxing/studying/openjdk8u-master/jdk/src/share/doc/stub'
#   -encoding 'ascii'
#   -nodeprecatedlist
#   -doctitle 'jdk.net API'
#   -windowtitle 'jdk.net API b00'
#   -header '<strong>jdk.net API</strong><br><strong>DRAFT&nbsp;internal-b00</strong>'
#   -bottom '<font size="-1"><br> Copyright &#x00a9; 2014, 2020, Oracle and/or its affiliates.  All rights reserved.</font><br><strong>DRAFT&nbsp;internal-b00</strong>'
#   -linkoffline '../../../../../api' '/Users/zhouyouxing/studying/openjdk8u-master/build/macosx-x86_64-normal-server-slowdebug/docs/api/'
# Packages (jdknet.packages):
#   jdk.net
/Users/zhouyouxing/studying/openjdk8u-master/nashorn/src/jdk/nashorn/api/scripting/AbstractJSObject.java:56: 警告 - @implSpec是未知标记。
/Users/zhouyouxing/studying/openjdk8u-master/nashorn/src/jdk/nashorn/api/scripting/AbstractJSObject.java:64: 警告 - @implSpec是未知标记。
/Users/zhouyouxing/studying/openjdk8u-master/nashorn/src/jdk/nashorn/api/scripting/AbstractJSObject.java:72: 警告 - @implSpec是未知标记。
/Users/zhouyouxing/studying/openjdk8u-master/nashorn/src/jdk/nashorn/api/scripting/AbstractJSObject.java:80: 警告 - @implSpec是未知标记。
/Users/zhouyouxing/studying/openjdk8u-master/nashorn/src/jdk/nashorn/api/scripting/AbstractJSObject.java:89: 警告 - @implSpec是未知标记。
/Users/zhouyouxing/studying/openjdk8u-master/nashorn/src/jdk/nashorn/api/scripting/AbstractJSObject.java:97: 警告 - @implSpec是未知标记。
/Users/zhouyouxing/studying/openjdk8u-master/nashorn/src/jdk/nashorn/api/scripting/AbstractJSObject.java:106: 警告 - @implSpec是未知标记。
/Users/zhouyouxing/studying/openjdk8u-master/nashorn/src/jdk/nashorn/api/scripting/AbstractJSObject.java:114: 警告 - @implSpec是未知标记。
/Users/zhouyouxing/studying/openjdk8u-master/nashorn/src/jdk/nashorn/api/scripting/AbstractJSObject.java:123: 警告 - @implSpec是未知标记。
/Users/zhouyouxing/studying/openjdk8u-master/nashorn/src/jdk/nashorn/api/scripting/AbstractJSObject.java:132: 警告 - @implSpec是未知标记。
/Users/zhouyouxing/studying/openjdk8u-master/nashorn/src/jdk/nashorn/api/scripting/AbstractJSObject.java:142: 警告 - @implSpec是未知标记。
/Users/zhouyouxing/studying/openjdk8u-master/nashorn/src/jdk/nashorn/api/scripting/AbstractJSObject.java:150: 警告 - @implSpec是未知标记。
/Users/zhouyouxing/studying/openjdk8u-master/nashorn/src/jdk/nashorn/api/scripting/AbstractJSObject.java:160: 警告 - @implSpec是未知标记。
/Users/zhouyouxing/studying/openjdk8u-master/nashorn/src/jdk/nashorn/api/scripting/AbstractJSObject.java:182: 警告 - @implSpec是未知标记。
/Users/zhouyouxing/studying/openjdk8u-master/nashorn/src/jdk/nashorn/api/scripting/AbstractJSObject.java:190: 警告 - @implSpec是未知标记。
/Users/zhouyouxing/studying/openjdk8u-master/nashorn/src/jdk/nashorn/api/scripting/AbstractJSObject.java:198: 警告 - @implSpec是未知标记。
16 个警告
## Finished docs (build time 00:01:00)

----- Build times -------
Start 2020-09-21 19:44:13
End   2020-09-21 19:45:35
00:00:00 corba
00:00:00 demos
00:01:00 docs
00:00:00 hotspot
00:00:19 images
00:00:00 jaxp
00:00:00 jaxws
00:00:02 jdk
00:00:01 langtools
00:00:00 nashorn
00:01:22 TOTAL
-------------------------
